[2018-09-18 11:13:36] myapp.INFO: Matched route "homepage". {"route_parameters":{"_controller":["[object] (KnpU\\CodeBattle\\Controller\\DefaultController: {})","homepageAction"],"_route":"homepage"},"request_uri":"http://localhost:8000/"} []
[2018-09-18 11:13:36] myapp.INFO: Populated the TokenStorage with an anonymous Token. [] []
[2018-09-18 11:13:36] myapp.DEBUG: Access denied, the user is not fully authenticated; redirecting to authentication entry point. {"exception":"[object] (Symfony\\Component\\Security\\Core\\Exception\\AccessDeniedException: Access Denied. at /Users/michael/PhpstormProjects/rest/vendor/symfony/security/Http/Firewall/AccessListener.php:70)"} []
[2018-09-18 11:13:36] myapp.DEBUG: Calling Authentication entry point. [] []
[2018-09-18 11:13:36] myapp.INFO: < 302 http://localhost:8000/login [] []
[2018-09-18 11:13:36] myapp.INFO: Matched route "user_login". {"route_parameters":{"_controller":["[object] (KnpU\\CodeBattle\\Controller\\UserController: {})","loginAction"],"_route":"user_login"},"request_uri":"http://localhost:8000/login"} []
[2018-09-18 11:13:36] myapp.INFO: Populated the TokenStorage with an anonymous Token. [] []
[2018-09-18 11:13:36] myapp.INFO: > GET /login [] []
[2018-09-18 11:13:36] myapp.INFO: < 200 [] []
[2018-09-18 11:39:26] myapp.INFO: Matched route "user_login_check". {"route_parameters":{"_controller":["[object] (KnpU\\CodeBattle\\Controller\\UserController: {})","loginCheckAction"],"_route":"user_login_check"},"request_uri":"http://localhost:8000/login_check"} []
[2018-09-18 11:39:26] myapp.INFO: Authentication request failed. {"exception":"[object] (Symfony\\Component\\Security\\Core\\Exception\\BadCredentialsException: Bad credentials. at /Users/michael/PhpstormProjects/rest/vendor/symfony/security/Core/Authentication/Provider/UserAuthenticationProvider.php:73, Symfony\\Component\\Security\\Core\\Exception\\UsernameNotFoundException: Email \"test@test.com\" does not exist. at /Users/michael/PhpstormProjects/rest/src/KnpU/CodeBattle/Repository/UserRepository.php:96)"} []
[2018-09-18 11:39:26] myapp.DEBUG: Authentication failure, redirect triggered. {"failure_path":"/login"} []
[2018-09-18 11:39:26] myapp.INFO: < 302 http://localhost:8000/login [] []
[2018-09-18 11:39:26] myapp.INFO: Matched route "user_login". {"route_parameters":{"_controller":["[object] (KnpU\\CodeBattle\\Controller\\UserController: {})","loginAction"],"_route":"user_login"},"request_uri":"http://localhost:8000/login"} []
[2018-09-18 11:39:26] myapp.INFO: Populated the TokenStorage with an anonymous Token. [] []
[2018-09-18 11:39:26] myapp.INFO: > GET /login [] []
[2018-09-18 11:39:26] myapp.INFO: < 200 [] []
[2018-09-18 11:39:28] myapp.INFO: Matched route "user_login_check". {"route_parameters":{"_controller":["[object] (KnpU\\CodeBattle\\Controller\\UserController: {})","loginCheckAction"],"_route":"user_login_check"},"request_uri":"http://localhost:8000/login_check"} []
[2018-09-18 11:39:28] myapp.INFO: Authentication request failed. {"exception":"[object] (Symfony\\Component\\Security\\Core\\Exception\\BadCredentialsException: Bad credentials. at /Users/michael/PhpstormProjects/rest/vendor/symfony/security/Core/Authentication/Provider/UserAuthenticationProvider.php:73, Symfony\\Component\\Security\\Core\\Exception\\UsernameNotFoundException: Email \"test@test.com\" does not exist. at /Users/michael/PhpstormProjects/rest/src/KnpU/CodeBattle/Repository/UserRepository.php:96)"} []
[2018-09-18 11:39:28] myapp.DEBUG: Authentication failure, redirect triggered. {"failure_path":"/login"} []
[2018-09-18 11:39:28] myapp.INFO: < 302 http://localhost:8000/login [] []
[2018-09-18 11:39:28] myapp.INFO: Matched route "user_login". {"route_parameters":{"_controller":["[object] (KnpU\\CodeBattle\\Controller\\UserController: {})","loginAction"],"_route":"user_login"},"request_uri":"http://localhost:8000/login"} []
[2018-09-18 11:39:28] myapp.INFO: Populated the TokenStorage with an anonymous Token. [] []
[2018-09-18 11:39:28] myapp.INFO: > GET /login [] []
[2018-09-18 11:39:28] myapp.INFO: < 200 [] []
[2018-09-18 11:39:32] myapp.INFO: Matched route "user_register". {"route_parameters":{"_controller":["[object] (KnpU\\CodeBattle\\Controller\\UserController: {})","registerAction"],"_route":"user_register"},"request_uri":"http://localhost:8000/register"} []
[2018-09-18 11:39:32] myapp.INFO: Populated the TokenStorage with an anonymous Token. [] []
[2018-09-18 11:39:32] myapp.INFO: > GET /register [] []
[2018-09-18 11:39:32] myapp.INFO: < 200 [] []
[2018-09-18 11:43:23] myapp.INFO: Matched route "POST_api_programmers". {"route_parameters":{"_controller":["[object] (KnpU\\CodeBattle\\Controller\\Api\\ProgrammerController: {})","newAction"],"_route":"POST_api_programmers"},"request_uri":"http://localhost:8000/api/programmers"} []
[2018-09-18 11:43:23] myapp.INFO: Populated the TokenStorage with an anonymous Token. [] []
[2018-09-18 11:43:23] myapp.INFO: > POST /api/programmers [] []
[2018-09-18 11:43:23] myapp.INFO: < 200 [] []
